<?xml version="1.0" encoding="UTF-8"?>
<!-- Generated by org.testng.reporters.JUnitReportReporter -->
<testsuite hostname="LAPTOP-POM6KTNO" failures="0" tests="1" name="com.tutorialsninja.qa.testcases.search" time="4.273" errors="0" timestamp="2023-08-05T12:30:34 IST" skipped="0">
  <testcase classname="com.tutorialsninja.qa.testcases.search" name="searchcontext" time="4.273"/>
  <system-out/>
</testsuite> <!-- com.tutorialsninja.qa.testcases.search -->
