<?xml version="1.0" encoding="UTF-8"?>
<!-- Generated by org.testng.reporters.JUnitReportReporter -->
<testsuite hostname="LAPTOP-POM6KTNO" failures="0" tests="1" name="com.tutorialsninja.qa.testcases.register" time="7.321" errors="0" timestamp="2023-08-05T12:30:34 IST" skipped="0">
  <testcase classname="com.tutorialsninja.qa.testcases.register" name="registerwithvalidcredentials" time="7.321"/>
  <system-out/>
</testsuite> <!-- com.tutorialsninja.qa.testcases.register -->
